AssetManager.obj : error LNK2019: unresolved external symbol "__declspec(dllimport) public: __cdecl sf::Texture::Texture(void)" (__imp_??0Texture@sf@@QEAA@XZ) referenced in function "public: static void __cdecl AssetManager::init(void)" (?init@AssetManager@@SAXXZ)
AssetManager.obj : error LNK2019: unresolved external symbol "__declspec(dllimport) public: __cdecl sf::Texture::~Texture(void)" (__imp_??1Texture@sf@@QEAA@XZ) referenced in function "public: void * __cdecl sf::Texture::`scalar deleting destructor'(unsigned int)" (??_GTexture@sf@@QEAAPEAXI@Z)
AssetManager.obj : error LNK2019: unresolved external symbol "__declspec(dllimport) public: bool __cdecl sf::Texture::loadFromFile(class std::basic_string<char,struct std::char_traits<char>,class std::allocator<char> > const &,class sf::Rect<int> const &)" (__imp_?loadFromFile@Texture@sf@@QEAA_NAEBV?$basic_string@DU?$char_traits@D@std@@V?$allocator@D@2@@std@@AEBV?$Rect@H@2@@Z) referenced in function "public: static void __cdecl AssetManager::init(void)" (?init@AssetManager@@SAXXZ)
AssetManager.obj : error LNK2019: unresolved external symbol "__declspec(dllimport) public: __cdecl sf::Font::Font(void)" (__imp_??0Font@sf@@QEAA@XZ) referenced in function "public: static void __cdecl AssetManager::init(void)" (?init@AssetManager@@SAXXZ)
AssetManager.obj : error LNK2019: unresolved external symbol "__declspec(dllimport) public: __cdecl sf::Font::~Font(void)" (__imp_??1Font@sf@@QEAA@XZ) referenced in function "public: void * __cdecl sf::Font::`scalar deleting destructor'(unsigned int)" (??_GFont@sf@@QEAAPEAXI@Z)
AssetManager.obj : error LNK2019: unresolved external symbol "__declspec(dllimport) public: bool __cdecl sf::Font::loadFromFile(class std::basic_string<char,struct std::char_traits<char>,class std::allocator<char> > const &)" (__imp_?loadFromFile@Font@sf@@QEAA_NAEBV?$basic_string@DU?$char_traits@D@std@@V?$allocator@D@2@@std@@@Z) referenced in function "public: static void __cdecl AssetManager::init(void)" (?init@AssetManager@@SAXXZ)
AssetManager.obj : error LNK2019: unresolved external symbol "__declspec(dllimport) public: __cdecl sf::Music::Music(void)" (__imp_??0Music@sf@@QEAA@XZ) referenced in function "public: static void __cdecl AssetManager::init(void)" (?init@AssetManager@@SAXXZ)
AssetManager.obj : error LNK2019: unresolved external symbol "__declspec(dllimport) public: virtual __cdecl sf::Music::~Music(void)" (__imp_??1Music@sf@@UEAA@XZ) referenced in function "public: virtual void * __cdecl sf::Music::`scalar deleting destructor'(unsigned int)" (??_GMusic@sf@@UEAAPEAXI@Z)
AssetManager.obj : error LNK2019: unresolved external symbol "__declspec(dllimport) public: bool __cdecl sf::Music::openFromFile(class std::basic_string<char,struct std::char_traits<char>,class std::allocator<char> > const &)" (__imp_?openFromFile@Music@sf@@QEAA_NAEBV?$basic_string@DU?$char_traits@D@std@@V?$allocator@D@2@@std@@@Z) referenced in function "public: static void __cdecl AssetManager::init(void)" (?init@AssetManager@@SAXXZ)
AssetManager.obj : error LNK2019: unresolved external symbol "__declspec(dllimport) public: __cdecl sf::SoundBuffer::SoundBuffer(void)" (__imp_??0SoundBuffer@sf@@QEAA@XZ) referenced in function "public: static void __cdecl AssetManager::init(void)" (?init@AssetManager@@SAXXZ)
AssetManager.obj : error LNK2019: unresolved external symbol "__declspec(dllimport) public: __cdecl sf::SoundBuffer::~SoundBuffer(void)" (__imp_??1SoundBuffer@sf@@QEAA@XZ) referenced in function "public: void * __cdecl sf::SoundBuffer::`scalar deleting destructor'(unsigned int)" (??_GSoundBuffer@sf@@QEAAPEAXI@Z)
AssetManager.obj : error LNK2019: unresolved external symbol "__declspec(dllimport) public: bool __cdecl sf::SoundBuffer::loadFromFile(class std::basic_string<char,struct std::char_traits<char>,class std::allocator<char> > const &)" (__imp_?loadFromFile@SoundBuffer@sf@@QEAA_NAEBV?$basic_string@DU?$char_traits@D@std@@V?$allocator@D@2@@std@@@Z) referenced in function "public: static void __cdecl AssetManager::init(void)" (?init@AssetManager@@SAXXZ)
AssetManager.obj : error LNK2001: unresolved external symbol "public: virtual enum sf::SoundSource::Status __cdecl sf::SoundStream::getStatus(void)const " (?getStatus@SoundStream@sf@@UEBA?AW4Status@SoundSource@2@XZ)
AssetManager.obj : error LNK2001: unresolved external symbol "protected: virtual bool __cdecl sf::Music::onGetData(struct sf::SoundStream::Chunk &)" (?onGetData@Music@sf@@MEAA_NAEAUChunk@SoundStream@2@@Z)
AssetManager.obj : error LNK2001: unresolved external symbol "protected: virtual __int64 __cdecl sf::Music::onLoop(void)" (?onLoop@Music@sf@@MEAA_JXZ)
AssetManager.obj : error LNK2001: unresolved external symbol "protected: virtual void __cdecl sf::Music::onSeek(class sf::Time)" (?onSeek@Music@sf@@MEAAXVTime@2@@Z)
AssetManager.obj : error LNK2001: unresolved external symbol "public: virtual void __cdecl sf::SoundStream::pause(void)" (?pause@SoundStream@sf@@UEAAXXZ)
AssetManager.obj : error LNK2001: unresolved external symbol "public: virtual void __cdecl sf::SoundStream::play(void)" (?play@SoundStream@sf@@UEAAXXZ)
AssetManager.obj : error LNK2001: unresolved external symbol "public: virtual void __cdecl sf::SoundStream::stop(void)" (?stop@SoundStream@sf@@UEAAXXZ)
Config.obj : error LNK2019: unresolved external symbol "__declspec(dllimport) public: __cdecl sf::String::String(char const *,class std::locale const &)" (__imp_??0String@sf@@QEAA@PEBDAEBVlocale@std@@@Z) referenced in function "public: static void __cdecl Config::applySettings(class sf::RenderWindow *)" (?applySettings@Config@@SAXPEAVRenderWindow@sf@@@Z)
Config.obj : error LNK2019: unresolved external symbol "__declspec(dllimport) public: __cdecl sf::String::~String(void)" (__imp_??1String@sf@@QEAA@XZ) referenced in function "public: static void __cdecl Config::applySettings(class sf::RenderWindow *)" (?applySettings@Config@@SAXPEAVRenderWindow@sf@@@Z)
Config.obj : error LNK2019: unresolved external symbol "__declspec(dllimport) public: __cdecl sf::VideoMode::VideoMode(unsigned int,unsigned int,unsigned int)" (__imp_??0VideoMode@sf@@QEAA@III@Z) referenced in function "public: static void __cdecl Config::applySettings(class sf::RenderWindow *)" (?applySettings@Config@@SAXPEAVRenderWindow@sf@@@Z)
Config.obj : error LNK2019: unresolved external symbol "__declspec(dllimport) public: void __cdecl sf::Window::create(class sf::VideoMode,class sf::String const &,unsigned int,struct sf::ContextSettings const &)" (__imp_?create@Window@sf@@QEAAXVVideoMode@2@AEBVString@2@IAEBUContextSettings@2@@Z) referenced in function "public: static void __cdecl Config::applySettings(class sf::RenderWindow *)" (?applySettings@Config@@SAXPEAVRenderWindow@sf@@@Z)
Config.obj : error LNK2019: unresolved external symbol "__declspec(dllimport) public: void __cdecl sf::Window::setVerticalSyncEnabled(bool)" (__imp_?setVerticalSyncEnabled@Window@sf@@QEAAX_N@Z) referenced in function "public: static void __cdecl Config::applySettings(class sf::RenderWindow *)" (?applySettings@Config@@SAXPEAVRenderWindow@sf@@@Z)
Config.obj : error LNK2019: unresolved external symbol "__declspec(dllimport) public: void __cdecl sf::Window::setFramerateLimit(unsigned int)" (__imp_?setFramerateLimit@Window@sf@@QEAAXI@Z) referenced in function "public: static void __cdecl Config::applySettings(class sf::RenderWindow *)" (?applySettings@Config@@SAXPEAVRenderWindow@sf@@@Z)
SceneManager.obj : error LNK2019: unresolved external symbol "__declspec(dllimport) public: void __cdecl sf::RenderTarget::draw(class sf::Drawable const &,class sf::RenderStates const &)" (__imp_?draw@RenderTarget@sf@@QEAAXAEBVDrawable@2@AEBVRenderStates@2@@Z) referenced in function "public: virtual void __cdecl Scene::draw(class sf::RenderWindow *)" (?draw@Scene@@UEAAXPEAVRenderWindow@sf@@@Z)
SceneManager.obj : error LNK2019: unresolved external symbol "__declspec(dllimport) public: virtual __cdecl sf::Sprite::~Sprite(void)" (__imp_??1Sprite@sf@@UEAA@XZ) referenced in function "public: __cdecl UIElement::~UIElement(void)" (??1UIElement@@QEAA@XZ)
UIButton.obj : error LNK2001: unresolved external symbol "__declspec(dllimport) public: virtual __cdecl sf::Sprite::~Sprite(void)" (__imp_??1Sprite@sf@@UEAA@XZ)
UIElement.obj : error LNK2001: unresolved external symbol "__declspec(dllimport) public: virtual __cdecl sf::Sprite::~Sprite(void)" (__imp_??1Sprite@sf@@UEAA@XZ)
SceneManager.obj : error LNK2019: unresolved external symbol "__declspec(dllimport) public: static class sf::RenderStates const sf::RenderStates::Default" (__imp_?Default@RenderStates@sf@@2V12@B) referenced in function "public: virtual void __cdecl Scene::draw(class sf::RenderWindow *)" (?draw@Scene@@UEAAXPEAVRenderWindow@sf@@@Z)
UIButton.obj : error LNK2019: unresolved external symbol "__declspec(dllimport) public: static bool __cdecl sf::Mouse::isButtonPressed(enum sf::Mouse::Button)" (__imp_?isButtonPressed@Mouse@sf@@SA_NW4Button@12@@Z) referenced in function "public: virtual void __cdecl UIButton::update(class sf::RenderWindow *)" (?update@UIButton@@UEAAXPEAVRenderWindow@sf@@@Z)
UIButton.obj : error LNK2019: unresolved external symbol "__declspec(dllimport) public: static class sf::Vector2<int> __cdecl sf::Mouse::getPosition(class sf::Window const &)" (__imp_?getPosition@Mouse@sf@@SA?AV?$Vector2@H@2@AEBVWindow@2@@Z) referenced in function "public: virtual void __cdecl UIButton::update(class sf::RenderWindow *)" (?update@UIButton@@UEAAXPEAVRenderWindow@sf@@@Z)
UIButton.obj : error LNK2019: unresolved external symbol "__declspec(dllimport) public: void __cdecl sf::Transformable::setPosition(float,float)" (__imp_?setPosition@Transformable@sf@@QEAAXMM@Z) referenced in function "public: __cdecl UIButton::UIButton(float,float,class std::basic_string<char,struct std::char_traits<char>,class std::allocator<char> >,float,float)" (??0UIButton@@QEAA@MMV?$basic_string@DU?$char_traits@D@std@@V?$allocator@D@2@@std@@MM@Z)
UIButton.obj : error LNK2019: unresolved external symbol "__declspec(dllimport) public: void __cdecl sf::Transformable::setScale(float,float)" (__imp_?setScale@Transformable@sf@@QEAAXMM@Z) referenced in function "public: __cdecl UIButton::UIButton(float,float,class std::basic_string<char,struct std::char_traits<char>,class std::allocator<char> >,float,float)" (??0UIButton@@QEAA@MMV?$basic_string@DU?$char_traits@D@std@@V?$allocator@D@2@@std@@MM@Z)
UIButton.obj : error LNK2019: unresolved external symbol "__declspec(dllimport) public: class sf::Vector2<float> const & __cdecl sf::Transformable::getPosition(void)const " (__imp_?getPosition@Transformable@sf@@QEBAAEBV?$Vector2@M@2@XZ) referenced in function "public: virtual void __cdecl UIButton::update(class sf::RenderWindow *)" (?update@UIButton@@UEAAXPEAVRenderWindow@sf@@@Z)
UIButton.obj : error LNK2019: unresolved external symbol "__declspec(dllimport) public: __cdecl sf::Sprite::Sprite(void)" (__imp_??0Sprite@sf@@QEAA@XZ) referenced in function "public: __cdecl UIButton::UIButton(float,float,class std::basic_string<char,struct std::char_traits<char>,class std::allocator<char> >,float,float)" (??0UIButton@@QEAA@MMV?$basic_string@DU?$char_traits@D@std@@V?$allocator@D@2@@std@@MM@Z)
UIElement.obj : error LNK2001: unresolved external symbol "__declspec(dllimport) public: __cdecl sf::Sprite::Sprite(void)" (__imp_??0Sprite@sf@@QEAA@XZ)
UIButton.obj : error LNK2019: unresolved external symbol "__declspec(dllimport) public: void __cdecl sf::Sprite::setTexture(class sf::Texture const &,bool)" (__imp_?setTexture@Sprite@sf@@QEAAXAEBVTexture@2@_N@Z) referenced in function "public: __cdecl UIButton::UIButton(float,float,class std::basic_string<char,struct std::char_traits<char>,class std::allocator<char> >,float,float)" (??0UIButton@@QEAA@MMV?$basic_string@DU?$char_traits@D@std@@V?$allocator@D@2@@std@@MM@Z)
UIButton.obj : error LNK2019: unresolved external symbol "__declspec(dllimport) public: class sf::Rect<float> __cdecl sf::Sprite::getGlobalBounds(void)const " (__imp_?getGlobalBounds@Sprite@sf@@QEBA?AV?$Rect@M@2@XZ) referenced in function "public: __cdecl UIButton::UIButton(float,float,class std::basic_string<char,struct std::char_traits<char>,class std::allocator<char> >,float,float)" (??0UIButton@@QEAA@MMV?$basic_string@DU?$char_traits@D@std@@V?$allocator@D@2@@std@@MM@Z)
UIButton.obj : error LNK2019: unresolved external symbol "__declspec(dllimport) public: class sf::Sprite & __cdecl sf::Sprite::operator=(class sf::Sprite &&)" (__imp_??4Sprite@sf@@QEAAAEAV01@$$QEAV01@@Z) referenced in function "public: __cdecl UIButton::UIButton(float,float,class std::basic_string<char,struct std::char_traits<char>,class std::allocator<char> >,float,float)" (??0UIButton@@QEAA@MMV?$basic_string@DU?$char_traits@D@std@@V?$allocator@D@2@@std@@MM@Z)
UIElement.obj : error LNK2001: unresolved external symbol "__declspec(dllimport) public: class sf::Sprite & __cdecl sf::Sprite::operator=(class sf::Sprite &&)" (__imp_??4Sprite@sf@@QEAAAEAV01@$$QEAV01@@Z)
MSVCRTD.lib(exe_main.obj) : error LNK2019: unresolved external symbol main referenced in function "int __cdecl invoke_main(void)" (?invoke_main@@YAHXZ)
C:\SFML 32bit\lib\sfml-graphics-s-d.lib : warning LNK4272: library machine type 'x86' conflicts with target machine type 'x64'
C:\SFML 32bit\lib\sfml-window-s-d.lib : warning LNK4272: library machine type 'x86' conflicts with target machine type 'x64'
C:\SFML 32bit\lib\sfml-audio-s-d.lib : warning LNK4272: library machine type 'x86' conflicts with target machine type 'x64'
C:\SFML 32bit\lib\openal32.lib : warning LNK4272: library machine type 'x86' conflicts with target machine type 'x64'
C:\SFML 32bit\lib\flac.lib : warning LNK4272: library machine type 'x86' conflicts with target machine type 'x64'
C:\SFML 32bit\lib\vorbisenc.lib : warning LNK4272: library machine type 'x86' conflicts with target machine type 'x64'
C:\SFML 32bit\lib\vorbisfile.lib : warning LNK4272: library machine type 'x86' conflicts with target machine type 'x64'
C:\SFML 32bit\lib\freetype.lib : warning LNK4272: library machine type 'x86' conflicts with target machine type 'x64'
C:\SFML 32bit\lib\vorbis.lib : warning LNK4272: library machine type 'x86' conflicts with target machine type 'x64'
C:\SFML 32bit\lib\ogg.lib : warning LNK4272: library machine type 'x86' conflicts with target machine type 'x64'
C:\SFML 32bit\lib\sfml-system-s-d.lib : warning LNK4272: library machine type 'x86' conflicts with target machine type 'x64'
C:\Git\bb2d\bb2d\x64\Debug\bb2d.exe : fatal error LNK1120: 38 unresolved externals
